adding new entry "uid=jose,ou=Usuarios,dc=jose,dc=labredes,dc=info"

adding new entry "cn=jose,ou=Grupos,dc=jose,dc=labredes,dc=info"

adding new entry "uid=jose,ou=Usuarios,dc=jose,dc=labredes,dc=info"

adding new entry "cn=jose,ou=Grupos,dc=jose,dc=labredes,dc=info"

adding new entry "uid=jose,ou=Usuarios,dc=jose,dc=labredes,dc=info"

adding new entry "cn=jose,ou=Grupos,dc=jose,dc=labredes,dc=info"

adding new entry "uid=jose,ou=Usuarios,dc=jose,dc=labredes,dc=info"

adding new entry "cn=jose,ou=Grupos,dc=jose,dc=labredes,dc=info"

adding new entry "uid=ricardo,ou=Usuarios,dc=jose,dc=labredes,dc=info"

adding new entry "cn=ricardo,ou=Grupos,dc=jose,dc=labredes,dc=info"

adding new entry "uid=jose,ou=Usuarios,dc=jose,dc=labredes,dc=info"

adding new entry "cn=jose,ou=Grupos,dc=jose,dc=labredes,dc=info"

adding new entry "uid=ricardo,ou=Usuarios,dc=jose,dc=labredes,dc=info"

adding new entry "cn=ricardo,ou=Grupos,dc=jose,dc=labredes,dc=info"

adding new entry "uid=jose,ou=Usuarios,dc=jose,dc=labredes,dc=info"

adding new entry "cn=jose,ou=Grupos,dc=jose,dc=labredes,dc=info"

adding new entry "uid=jose,ou=Usuarios,dc=jose,dc=labredes,dc=info"

adding new entry "cn=jose,ou=Grupos,dc=jose,dc=labredes,dc=info"

adding new entry "uid=jose,ou=Usuarios,dc=jose,dc=labredes,dc=info"

adding new entry "cn=jose,ou=Grupos,dc=jose,dc=labredes,dc=info"

adding new entry "uid=ash,ou=Usuarios,dc=jose,dc=labredes,dc=info"

adding new entry "cn=ash,ou=Grupos,dc=jose,dc=labredes,dc=info"

adding new entry "uid=ash,ou=Usuarios,dc=jose,dc=labredes,dc=info"

adding new entry "uid=ash,ou=Usuarios,dc=jose,dc=labredes,dc=info"

adding new entry "uid=sheldon,ou=Usuarios,dc=jose,dc=labredes,dc=info"

adding new entry "cn=sheldon,ou=Grupos,dc=jose,dc=labredes,dc=info"

adding new entry "uid=ash,ou=Usuarios,dc=jose,dc=labredes,dc=info"

adding new entry "cn=ash,ou=Grupos,dc=jose,dc=labredes,dc=info"

adding new entry "uid=ash,ou=Usuarios,dc=jose,dc=labredes,dc=info"

adding new entry "uid=sheldon,ou=Usuarios,dc=jose,dc=labredes,dc=info"

adding new entry "cn=sheldon,ou=Grupos,dc=jose,dc=labredes,dc=info"

adding new entry "uid=tarlles,ou=Usuarios,dc=jose,dc=labredes,dc=info"

adding new entry "cn=tarlles,ou=Grupos,dc=jose,dc=labredes,dc=info"

adding new entry "uid=teste,ou=Usuarios,dc=jose,dc=labredes,dc=info"

adding new entry "cn=teste,ou=Grupos,dc=jose,dc=labredes,dc=info"

adding new entry "uid=teste,ou=Usuarios,dc=jose,dc=labredes,dc=info"

adding new entry "cn=teste,ou=Grupos,dc=jose,dc=labredes,dc=info"

adding new entry "uid=teste,ou=Usuarios,dc=jose,dc=labredes,dc=info"

adding new entry "cn=teste,ou=Grupos,dc=jose,dc=labredes,dc=info"

adding new entry "uid=teste,ou=Usuarios,dc=jose,dc=labredes,dc=info"

adding new entry "cn=teste,ou=Grupos,dc=jose,dc=labredes,dc=info"

adding new entry "uid=teste,ou=Usuarios,dc=jose,dc=labredes,dc=info"

adding new entry "cn=teste,ou=Grupos,dc=jose,dc=labredes,dc=info"

adding new entry "uid=teste,ou=Usuarios,dc=jose,dc=labredes,dc=info"

adding new entry "cn=teste,ou=Grupos,dc=jose,dc=labredes,dc=info"

adding new entry "uid=teste,ou=Usuarios,dc=jose,dc=labredes,dc=info"

adding new entry "cn=teste,ou=Grupos,dc=jose,dc=labredes,dc=info"

adding new entry "uid=teste,ou=Usuarios,dc=jose,dc=labredes,dc=info"

adding new entry "cn=teste,ou=Grupos,dc=jose,dc=labredes,dc=info"

adding new entry "uid=teste,ou=Usuarios,dc=jose,dc=labredes,dc=info"

adding new entry "cn=teste,ou=Grupos,dc=jose,dc=labredes,dc=info"

adding new entry "uid=teste,ou=Usuarios,dc=jose,dc=labredes,dc=info"

adding new entry "cn=teste,ou=Grupos,dc=jose,dc=labredes,dc=info"

adding new entry "uid=teste,ou=Usuarios,dc=jose,dc=labredes,dc=info"

adding new entry "cn=teste,ou=Grupos,dc=jose,dc=labredes,dc=info"

adding new entry "uid=teste,ou=Usuarios,dc=jose,dc=labredes,dc=info"

adding new entry "cn=teste,ou=Grupos,dc=jose,dc=labredes,dc=info"

adding new entry "uid=teste,ou=Usuarios,dc=jose,dc=labredes,dc=info"

adding new entry "cn=teste,ou=Grupos,dc=jose,dc=labredes,dc=info"

adding new entry "uid=teste,ou=Usuarios,dc=jose,dc=labredes,dc=info"

adding new entry "cn=teste,ou=Grupos,dc=jose,dc=labredes,dc=info"

adding new entry "uid=teste,ou=Usuarios,dc=jose,dc=labredes,dc=info"

adding new entry "cn=teste,ou=Grupos,dc=jose,dc=labredes,dc=info"

adding new entry "uid=teste2,ou=Usuarios,dc=jose,dc=labredes,dc=info"

adding new entry "cn=teste2,ou=Grupos,dc=jose,dc=labredes,dc=info"

adding new entry "uid=teste,ou=Usuarios,dc=jose,dc=labredes,dc=info"

adding new entry "cn=teste,ou=Grupos,dc=jose,dc=labredes,dc=info"

